<?xml version="1.0" encoding="UTF-8"?>
<!-- Generated by org.testng.reporters.JUnitReportReporter -->
<testsuite hostname="Vilyas-MacBook-Air.local" name="com.pardot.ListsTestCases" tests="5" failures="0" timestamp="28 Apr 2016 08:29:28 GMT" time="48.565" errors="0">
  <testcase name="findAddedList" time="7.370" classname="com.pardot.ListsTestCases"/>
  <testcase name="duplicateListNameWarning" time="11.645" classname="com.pardot.ListsTestCases"/>
  <testcase name="createListSuccessfully" time="9.435" classname="com.pardot.ListsTestCases"/>
  <testcase name="editTheListName" time="11.717" classname="com.pardot.ListsTestCases"/>
  <testcase name="createTheListWithTheUsedName" time="8.398" classname="com.pardot.ListsTestCases"/>
</testsuite> <!-- com.pardot.ListsTestCases -->
