<?xml version="1.0" encoding="UTF-8"?>
<!-- Generated by org.testng.reporters.JUnitReportReporter -->
<testsuite hostname="Vilyas-MacBook-Air.local" name="com.pardot.EmailsTestCases" tests="2" failures="0" timestamp="28 Apr 2016 08:29:28 GMT" time="19.968" errors="0">
  <testcase name="sendEmail" time="9.973" classname="com.pardot.EmailsTestCases"/>
  <testcase name="setEmail" time="9.995" classname="com.pardot.EmailsTestCases"/>
</testsuite> <!-- com.pardot.EmailsTestCases -->
