<?xml version="1.0" encoding="UTF-8"?>
<!-- Generated by org.testng.reporters.JUnitReportReporter -->
<testsuite hostname="Vilyas-MacBook-Air.local" name="com.pardot.ProspectsTestCases" tests="2" failures="0" timestamp="28 Apr 2016 08:29:28 GMT" time="20.418" errors="0">
  <testcase name="addProspect" time="3.545" classname="com.pardot.ProspectsTestCases"/>
  <testcase name="addListToPrsp" time="16.873" classname="com.pardot.ProspectsTestCases"/>
</testsuite> <!-- com.pardot.ProspectsTestCases -->
